[08/22/2022 15:20:20] Debug: Session id: 8ec9bc58-7f29-40e6-9e61-4828dea57f91
[08/22/2022 15:20:20] Debug: Code Processor information: Name :SnowConvert, Version: 7.11.81.0
[08/22/2022 15:20:21] Debug: Getting license
[08/22/2022 15:20:21] Debug: License information
	Status: Failed
	Message: No active license available.
[08/22/2022 15:20:21] Info: Starting to validate parameters
[08/22/2022 15:20:21] Info: Parameters to validate: 
	Execution mode: Conversion
	LICENSE_KEY: a3372138-b87e-4a08-b929-3b48b24c63f1
[08/22/2022 15:20:21] Info: Validation of parameters: Success
[08/22/2022 15:20:21] Debug: Getting code descriptor
[08/22/2022 15:20:21] Debug: Code descriptor information
	Units: 51
	Units type: LOC
	All file bytes: 2141
	All found extensions: .sql,.dml,.ddl,.bteq,.btq,.fl,.fload,.ml,.mload,.mld,.tp,.tpump,.tpt
[08/22/2022 15:20:21] Debug: Calculating fingerprint
[08/22/2022 15:20:21] Debug: Fingerprint information Fingerprint(size=2141,projects=1)
[08/22/2022 15:20:21] Info: Starting to try to validate online license for execution
[08/22/2022 15:20:32] Debug: Getting license
[08/22/2022 15:20:32] Debug: License information
	Status: Failed
	Message: No active license available.
[08/22/2022 15:20:32] Debug: Starting the execution of the controller
[08/22/2022 15:20:36] Debug: Executing the worker: SnowConvert
[08/22/2022 15:20:48] Debug: Finished executing the worker: SnowConvert
[08/22/2022 15:20:50] Info: Controller execution ended
